<?xml version="1.0" encoding="UTF-8"?>
<testsuite xmlns:xsi="http://www.w3.org/2001/XMLSchema-instance" xsi:noNamespaceSchemaLocation="https://maven.apache.org/surefire/maven-surefire-plugin/xsd/surefire-test-report-3.0.xsd" version="3.0" name="TestSuite" time="2.541" tests="2" errors="0" skipped="0" failures="0">
  <properties>
    <property name="java.specification.version" value="21"/>
    <property name="sun.jnu.encoding" value="UTF-8"/>
    <property name="java.class.path" value="/Users/romancakunov/cursorProjects/weather_api/target/test-classes:/Users/romancakunov/cursorProjects/weather_api/target/classes:/Users/romancakunov/.m2/repository/org/testng/testng/7.8.0/testng-7.8.0.jar:/Users/romancakunov/.m2/repository/com/beust/jcommander/1.82/jcommander-1.82.jar:/Users/romancakunov/.m2/repository/org/webjars/jquery/3.6.1/jquery-3.6.1.jar:/Users/romancakunov/.m2/repository/io/cucumber/cucumber-java/6.11.0/cucumber-java-6.11.0.jar:/Users/romancakunov/.m2/repository/io/cucumber/cucumber-core/6.11.0/cucumber-core-6.11.0.jar:/Users/romancakunov/.m2/repository/io/cucumber/cucumber-gherkin/6.11.0/cucumber-gherkin-6.11.0.jar:/Users/romancakunov/.m2/repository/io/cucumber/cucumber-gherkin-messages/6.11.0/cucumber-gherkin-messages-6.11.0.jar:/Users/romancakunov/.m2/repository/io/cucumber/messages/15.0.0/messages-15.0.0.jar:/Users/romancakunov/.m2/repository/io/cucumber/tag-expressions/3.0.1/tag-expressions-3.0.1.jar:/Users/romancakunov/.m2/repository/io/cucumber/cucumber-expressions/10.3.0/cucumber-expressions-10.3.0.jar:/Users/romancakunov/.m2/repository/io/cucumber/datatable/3.5.0/datatable-3.5.0.jar:/Users/romancakunov/.m2/repository/io/cucumber/cucumber-plugin/6.11.0/cucumber-plugin-6.11.0.jar:/Users/romancakunov/.m2/repository/io/cucumber/docstring/6.11.0/docstring-6.11.0.jar:/Users/romancakunov/.m2/repository/io/cucumber/html-formatter/13.0.0/html-formatter-13.0.0.jar:/Users/romancakunov/.m2/repository/io/cucumber/create-meta/4.0.0/create-meta-4.0.0.jar:/Users/romancakunov/.m2/repository/org/apiguardian/apiguardian-api/1.1.2/apiguardian-api-1.1.2.jar:/Users/romancakunov/.m2/repository/io/cucumber/cucumber-testng/6.11.0/cucumber-testng-6.11.0.jar:/Users/romancakunov/.m2/repository/io/rest-assured/rest-assured/4.5.1/rest-assured-4.5.1.jar:/Users/romancakunov/.m2/repository/org/codehaus/groovy/groovy/3.0.9/groovy-3.0.9.jar:/Users/romancakunov/.m2/repository/org/codehaus/groovy/groovy-xml/3.0.9/groovy-xml-3.0.9.jar:/Users/romancakunov/.m2/repository/org/apache/httpcomponents/httpclient/4.5.13/httpclient-4.5.13.jar:/Users/romancakunov/.m2/repository/org/apache/httpcomponents/httpcore/4.4.13/httpcore-4.4.13.jar:/Users/romancakunov/.m2/repository/commons-logging/commons-logging/1.2/commons-logging-1.2.jar:/Users/romancakunov/.m2/repository/commons-codec/commons-codec/1.11/commons-codec-1.11.jar:/Users/romancakunov/.m2/repository/org/apache/httpcomponents/httpmime/4.5.13/httpmime-4.5.13.jar:/Users/romancakunov/.m2/repository/org/hamcrest/hamcrest/2.1/hamcrest-2.1.jar:/Users/romancakunov/.m2/repository/org/ccil/cowan/tagsoup/tagsoup/1.2.1/tagsoup-1.2.1.jar:/Users/romancakunov/.m2/repository/io/rest-assured/json-path/4.5.1/json-path-4.5.1.jar:/Users/romancakunov/.m2/repository/org/codehaus/groovy/groovy-json/3.0.9/groovy-json-3.0.9.jar:/Users/romancakunov/.m2/repository/io/rest-assured/rest-assured-common/4.5.1/rest-assured-common-4.5.1.jar:/Users/romancakunov/.m2/repository/io/rest-assured/xml-path/4.5.1/xml-path-4.5.1.jar:/Users/romancakunov/.m2/repository/io/rest-assured/json-schema-validator/4.5.1/json-schema-validator-4.5.1.jar:/Users/romancakunov/.m2/repository/com/github/java-json-tools/json-schema-validator/2.2.14/json-schema-validator-2.2.14.jar:/Users/romancakunov/.m2/repository/com/google/guava/guava/28.2-android/guava-28.2-android.jar:/Users/romancakunov/.m2/repository/com/google/guava/failureaccess/1.0.1/failureaccess-1.0.1.jar:/Users/romancakunov/.m2/repository/com/google/guava/listenablefuture/9999.0-empty-to-avoid-conflict-with-guava/listenablefuture-9999.0-empty-to-avoid-conflict-with-guava.jar:/Users/romancakunov/.m2/repository/org/checkerframework/checker-compat-qual/2.5.5/checker-compat-qual-2.5.5.jar:/Users/romancakunov/.m2/repository/com/google/errorprone/error_prone_annotations/2.3.4/error_prone_annotations-2.3.4.jar:/Users/romancakunov/.m2/repository/com/google/j2objc/j2objc-annotations/1.3/j2objc-annotations-1.3.jar:/Users/romancakunov/.m2/repository/com/github/java-json-tools/jackson-coreutils-equivalence/1.0/jackson-coreutils-equivalence-1.0.jar:/Users/romancakunov/.m2/repository/com/github/java-json-tools/jackson-coreutils/2.0/jackson-coreutils-2.0.jar:/Users/romancakunov/.m2/repository/com/github/java-json-tools/msg-simple/1.2/msg-simple-1.2.jar:/Users/romancakunov/.m2/repository/com/github/java-json-tools/btf/1.3/btf-1.3.jar:/Users/romancakunov/.m2/repository/com/github/java-json-tools/json-schema-core/1.2.14/json-schema-core-1.2.14.jar:/Users/romancakunov/.m2/repository/com/github/java-json-tools/uri-template/0.10/uri-template-0.10.jar:/Users/romancakunov/.m2/repository/org/mozilla/rhino/1.7.7.2/rhino-1.7.7.2.jar:/Users/romancakunov/.m2/repository/com/sun/mail/mailapi/1.6.2/mailapi-1.6.2.jar:/Users/romancakunov/.m2/repository/joda-time/joda-time/2.10.5/joda-time-2.10.5.jar:/Users/romancakunov/.m2/repository/com/googlecode/libphonenumber/libphonenumber/8.11.1/libphonenumber-8.11.1.jar:/Users/romancakunov/.m2/repository/com/google/code/findbugs/jsr305/3.0.2/jsr305-3.0.2.jar:/Users/romancakunov/.m2/repository/net/sf/jopt-simple/jopt-simple/5.0.4/jopt-simple-5.0.4.jar:/Users/romancakunov/.m2/repository/com/github/tomakehurst/wiremock-standalone/2.27.2/wiremock-standalone-2.27.2.jar:/Users/romancakunov/.m2/repository/com/fasterxml/jackson/core/jackson-databind/2.13.5/jackson-databind-2.13.5.jar:/Users/romancakunov/.m2/repository/com/fasterxml/jackson/core/jackson-core/2.13.5/jackson-core-2.13.5.jar:/Users/romancakunov/.m2/repository/com/fasterxml/jackson/core/jackson-annotations/2.13.5/jackson-annotations-2.13.5.jar:/Users/romancakunov/.m2/repository/io/qameta/allure/allure-testng/2.17.3/allure-testng-2.17.3.jar:/Users/romancakunov/.m2/repository/io/qameta/allure/allure-java-commons/2.17.3/allure-java-commons-2.17.3.jar:/Users/romancakunov/.m2/repository/io/qameta/allure/allure-model/2.17.3/allure-model-2.17.3.jar:/Users/romancakunov/.m2/repository/io/qameta/allure/allure-test-filter/2.17.3/allure-test-filter-2.17.3.jar:/Users/romancakunov/.m2/repository/io/qameta/allure/allure-cucumber6-jvm/2.17.3/allure-cucumber6-jvm-2.17.3.jar:/Users/romancakunov/.m2/repository/io/cucumber/gherkin/18.0.0/gherkin-18.0.0.jar:/Users/romancakunov/.m2/repository/io/qameta/allure/allure-rest-assured/2.17.3/allure-rest-assured-2.17.3.jar:/Users/romancakunov/.m2/repository/io/qameta/allure/allure-attachments/2.17.3/allure-attachments-2.17.3.jar:/Users/romancakunov/.m2/repository/org/freemarker/freemarker/2.3.31/freemarker-2.3.31.jar:/Users/romancakunov/.m2/repository/org/slf4j/slf4j-api/1.7.36/slf4j-api-1.7.36.jar:/Users/romancakunov/.m2/repository/ch/qos/logback/logback-classic/1.2.12/logback-classic-1.2.12.jar:/Users/romancakunov/.m2/repository/ch/qos/logback/logback-core/1.2.12/logback-core-1.2.12.jar:/Users/romancakunov/.m2/repository/org/apache/commons/commons-lang3/3.13.0/commons-lang3-3.13.0.jar:"/>
    <property name="java.vm.vendor" value="Amazon.com Inc."/>
    <property name="sun.arch.data.model" value="64"/>
    <property name="java.vendor.url" value="https://aws.amazon.com/corretto/"/>
    <property name="user.timezone" value="Europe/Moscow"/>
    <property name="os.name" value="Mac OS X"/>
    <property name="java.vm.specification.version" value="21"/>
    <property name="sun.java.launcher" value="SUN_STANDARD"/>
    <property name="user.country" value="RU"/>
    <property name="sun.boot.library.path" value="/Users/romancakunov/Library/Java/JavaVirtualMachines/corretto-21.0.3/Contents/Home/lib"/>
    <property name="sun.java.command" value="/Users/romancakunov/cursorProjects/weather_api/target/surefire/surefirebooter-20250801004357100_3.jar /Users/romancakunov/cursorProjects/weather_api/target/surefire 2025-08-01T00-43-57_066-jvmRun1 surefire-20250801004357100_1tmp surefire_0-20250801004357100_2tmp"/>
    <property name="http.nonProxyHosts" value="local|*.local|169.254/16|*.169.254/16"/>
    <property name="jdk.debug" value="release"/>
    <property name="surefire.test.class.path" value="/Users/romancakunov/cursorProjects/weather_api/target/test-classes:/Users/romancakunov/cursorProjects/weather_api/target/classes:/Users/romancakunov/.m2/repository/org/testng/testng/7.8.0/testng-7.8.0.jar:/Users/romancakunov/.m2/repository/com/beust/jcommander/1.82/jcommander-1.82.jar:/Users/romancakunov/.m2/repository/org/webjars/jquery/3.6.1/jquery-3.6.1.jar:/Users/romancakunov/.m2/repository/io/cucumber/cucumber-java/6.11.0/cucumber-java-6.11.0.jar:/Users/romancakunov/.m2/repository/io/cucumber/cucumber-core/6.11.0/cucumber-core-6.11.0.jar:/Users/romancakunov/.m2/repository/io/cucumber/cucumber-gherkin/6.11.0/cucumber-gherkin-6.11.0.jar:/Users/romancakunov/.m2/repository/io/cucumber/cucumber-gherkin-messages/6.11.0/cucumber-gherkin-messages-6.11.0.jar:/Users/romancakunov/.m2/repository/io/cucumber/messages/15.0.0/messages-15.0.0.jar:/Users/romancakunov/.m2/repository/io/cucumber/tag-expressions/3.0.1/tag-expressions-3.0.1.jar:/Users/romancakunov/.m2/repository/io/cucumber/cucumber-expressions/10.3.0/cucumber-expressions-10.3.0.jar:/Users/romancakunov/.m2/repository/io/cucumber/datatable/3.5.0/datatable-3.5.0.jar:/Users/romancakunov/.m2/repository/io/cucumber/cucumber-plugin/6.11.0/cucumber-plugin-6.11.0.jar:/Users/romancakunov/.m2/repository/io/cucumber/docstring/6.11.0/docstring-6.11.0.jar:/Users/romancakunov/.m2/repository/io/cucumber/html-formatter/13.0.0/html-formatter-13.0.0.jar:/Users/romancakunov/.m2/repository/io/cucumber/create-meta/4.0.0/create-meta-4.0.0.jar:/Users/romancakunov/.m2/repository/org/apiguardian/apiguardian-api/1.1.2/apiguardian-api-1.1.2.jar:/Users/romancakunov/.m2/repository/io/cucumber/cucumber-testng/6.11.0/cucumber-testng-6.11.0.jar:/Users/romancakunov/.m2/repository/io/rest-assured/rest-assured/4.5.1/rest-assured-4.5.1.jar:/Users/romancakunov/.m2/repository/org/codehaus/groovy/groovy/3.0.9/groovy-3.0.9.jar:/Users/romancakunov/.m2/repository/org/codehaus/groovy/groovy-xml/3.0.9/groovy-xml-3.0.9.jar:/Users/romancakunov/.m2/repository/org/apache/httpcomponents/httpclient/4.5.13/httpclient-4.5.13.jar:/Users/romancakunov/.m2/repository/org/apache/httpcomponents/httpcore/4.4.13/httpcore-4.4.13.jar:/Users/romancakunov/.m2/repository/commons-logging/commons-logging/1.2/commons-logging-1.2.jar:/Users/romancakunov/.m2/repository/commons-codec/commons-codec/1.11/commons-codec-1.11.jar:/Users/romancakunov/.m2/repository/org/apache/httpcomponents/httpmime/4.5.13/httpmime-4.5.13.jar:/Users/romancakunov/.m2/repository/org/hamcrest/hamcrest/2.1/hamcrest-2.1.jar:/Users/romancakunov/.m2/repository/org/ccil/cowan/tagsoup/tagsoup/1.2.1/tagsoup-1.2.1.jar:/Users/romancakunov/.m2/repository/io/rest-assured/json-path/4.5.1/json-path-4.5.1.jar:/Users/romancakunov/.m2/repository/org/codehaus/groovy/groovy-json/3.0.9/groovy-json-3.0.9.jar:/Users/romancakunov/.m2/repository/io/rest-assured/rest-assured-common/4.5.1/rest-assured-common-4.5.1.jar:/Users/romancakunov/.m2/repository/io/rest-assured/xml-path/4.5.1/xml-path-4.5.1.jar:/Users/romancakunov/.m2/repository/io/rest-assured/json-schema-validator/4.5.1/json-schema-validator-4.5.1.jar:/Users/romancakunov/.m2/repository/com/github/java-json-tools/json-schema-validator/2.2.14/json-schema-validator-2.2.14.jar:/Users/romancakunov/.m2/repository/com/google/guava/guava/28.2-android/guava-28.2-android.jar:/Users/romancakunov/.m2/repository/com/google/guava/failureaccess/1.0.1/failureaccess-1.0.1.jar:/Users/romancakunov/.m2/repository/com/google/guava/listenablefuture/9999.0-empty-to-avoid-conflict-with-guava/listenablefuture-9999.0-empty-to-avoid-conflict-with-guava.jar:/Users/romancakunov/.m2/repository/org/checkerframework/checker-compat-qual/2.5.5/checker-compat-qual-2.5.5.jar:/Users/romancakunov/.m2/repository/com/google/errorprone/error_prone_annotations/2.3.4/error_prone_annotations-2.3.4.jar:/Users/romancakunov/.m2/repository/com/google/j2objc/j2objc-annotations/1.3/j2objc-annotations-1.3.jar:/Users/romancakunov/.m2/repository/com/github/java-json-tools/jackson-coreutils-equivalence/1.0/jackson-coreutils-equivalence-1.0.jar:/Users/romancakunov/.m2/repository/com/github/java-json-tools/jackson-coreutils/2.0/jackson-coreutils-2.0.jar:/Users/romancakunov/.m2/repository/com/github/java-json-tools/msg-simple/1.2/msg-simple-1.2.jar:/Users/romancakunov/.m2/repository/com/github/java-json-tools/btf/1.3/btf-1.3.jar:/Users/romancakunov/.m2/repository/com/github/java-json-tools/json-schema-core/1.2.14/json-schema-core-1.2.14.jar:/Users/romancakunov/.m2/repository/com/github/java-json-tools/uri-template/0.10/uri-template-0.10.jar:/Users/romancakunov/.m2/repository/org/mozilla/rhino/1.7.7.2/rhino-1.7.7.2.jar:/Users/romancakunov/.m2/repository/com/sun/mail/mailapi/1.6.2/mailapi-1.6.2.jar:/Users/romancakunov/.m2/repository/joda-time/joda-time/2.10.5/joda-time-2.10.5.jar:/Users/romancakunov/.m2/repository/com/googlecode/libphonenumber/libphonenumber/8.11.1/libphonenumber-8.11.1.jar:/Users/romancakunov/.m2/repository/com/google/code/findbugs/jsr305/3.0.2/jsr305-3.0.2.jar:/Users/romancakunov/.m2/repository/net/sf/jopt-simple/jopt-simple/5.0.4/jopt-simple-5.0.4.jar:/Users/romancakunov/.m2/repository/com/github/tomakehurst/wiremock-standalone/2.27.2/wiremock-standalone-2.27.2.jar:/Users/romancakunov/.m2/repository/com/fasterxml/jackson/core/jackson-databind/2.13.5/jackson-databind-2.13.5.jar:/Users/romancakunov/.m2/repository/com/fasterxml/jackson/core/jackson-core/2.13.5/jackson-core-2.13.5.jar:/Users/romancakunov/.m2/repository/com/fasterxml/jackson/core/jackson-annotations/2.13.5/jackson-annotations-2.13.5.jar:/Users/romancakunov/.m2/repository/io/qameta/allure/allure-testng/2.17.3/allure-testng-2.17.3.jar:/Users/romancakunov/.m2/repository/io/qameta/allure/allure-java-commons/2.17.3/allure-java-commons-2.17.3.jar:/Users/romancakunov/.m2/repository/io/qameta/allure/allure-model/2.17.3/allure-model-2.17.3.jar:/Users/romancakunov/.m2/repository/io/qameta/allure/allure-test-filter/2.17.3/allure-test-filter-2.17.3.jar:/Users/romancakunov/.m2/repository/io/qameta/allure/allure-cucumber6-jvm/2.17.3/allure-cucumber6-jvm-2.17.3.jar:/Users/romancakunov/.m2/repository/io/cucumber/gherkin/18.0.0/gherkin-18.0.0.jar:/Users/romancakunov/.m2/repository/io/qameta/allure/allure-rest-assured/2.17.3/allure-rest-assured-2.17.3.jar:/Users/romancakunov/.m2/repository/io/qameta/allure/allure-attachments/2.17.3/allure-attachments-2.17.3.jar:/Users/romancakunov/.m2/repository/org/freemarker/freemarker/2.3.31/freemarker-2.3.31.jar:/Users/romancakunov/.m2/repository/org/slf4j/slf4j-api/1.7.36/slf4j-api-1.7.36.jar:/Users/romancakunov/.m2/repository/ch/qos/logback/logback-classic/1.2.12/logback-classic-1.2.12.jar:/Users/romancakunov/.m2/repository/ch/qos/logback/logback-core/1.2.12/logback-core-1.2.12.jar:/Users/romancakunov/.m2/repository/org/apache/commons/commons-lang3/3.13.0/commons-lang3-3.13.0.jar:"/>
    <property name="allure.results.directory" value="/Users/romancakunov/cursorProjects/weather_api/target/allure-results"/>
    <property name="sun.cpu.endian" value="little"/>
    <property name="user.home" value="/Users/romancakunov"/>
    <property name="user.language" value="ru"/>
    <property name="java.specification.vendor" value="Oracle Corporation"/>
    <property name="wiremock.org.eclipse.jetty.server.HttpChannelState.DEFAULT_TIMEOUT" value="300000"/>
    <property name="java.version.date" value="2024-04-16"/>
    <property name="java.home" value="/Users/romancakunov/Library/Java/JavaVirtualMachines/corretto-21.0.3/Contents/Home"/>
    <property name="file.separator" value="/"/>
    <property name="basedir" value="/Users/romancakunov/cursorProjects/weather_api"/>
    <property name="java.vm.compressedOopsMode" value="Zero based"/>
    <property name="line.separator" value="&#10;"/>
    <property name="java.vm.specification.vendor" value="Oracle Corporation"/>
    <property name="java.specification.name" value="Java Platform API Specification"/>
    <property name="apple.awt.application.name" value="ForkedBooter"/>
    <property name="surefire.real.class.path" value="/Users/romancakunov/cursorProjects/weather_api/target/surefire/surefirebooter-20250801004357100_3.jar"/>
    <property name="sun.management.compiler" value="HotSpot 64-Bit Tiered Compilers"/>
    <property name="ftp.nonProxyHosts" value="local|*.local|169.254/16|*.169.254/16"/>
    <property name="java.runtime.version" value="21.0.3+9-LTS"/>
    <property name="user.name" value="romancakunov"/>
    <property name="stdout.encoding" value="UTF-8"/>
    <property name="path.separator" value=":"/>
    <property name="os.version" value="14.4.1"/>
    <property name="java.runtime.name" value="OpenJDK Runtime Environment"/>
    <property name="file.encoding" value="UTF-8"/>
    <property name="java.vm.name" value="OpenJDK 64-Bit Server VM"/>
    <property name="java.vendor.version" value="Corretto-21.0.3.9.1"/>
    <property name="localRepository" value="/Users/romancakunov/.m2/repository"/>
    <property name="javax.xml.xpath.XPathFactory:http://java.sun.com/jaxp/xpath/dom" value="com.sun.org.apache.xpath.internal.jaxp.XPathFactoryImpl"/>
    <property name="java.vendor.url.bug" value="https://github.com/corretto/corretto-21/issues/"/>
    <property name="java.io.tmpdir" value="/var/folders/wk/56lmqkj544j5m45mnqsj236c0000gn/T/"/>
    <property name="java.version" value="21.0.3"/>
    <property name="user.dir" value="/Users/romancakunov/cursorProjects/weather_api"/>
    <property name="os.arch" value="aarch64"/>
    <property name="java.vm.specification.name" value="Java Virtual Machine Specification"/>
    <property name="native.encoding" value="UTF-8"/>
    <property name="java.library.path" value="/Users/romancakunov/Library/Java/Extensions:/Library/Java/Extensions:/Network/Library/Java/Extensions:/System/Library/Java/Extensions:/usr/lib/java:."/>
    <property name="java.vm.info" value="mixed mode, sharing"/>
    <property name="stderr.encoding" value="UTF-8"/>
    <property name="java.vendor" value="Amazon.com Inc."/>
    <property name="java.vm.version" value="21.0.3+9-LTS"/>
    <property name="sun.io.unicode.encoding" value="UnicodeBig"/>
    <property name="javax.xml.transform.TransformerFactory" value="com.sun.org.apache.xalan.internal.xsltc.trax.TransformerFactoryImpl"/>
    <property name="socksNonProxyHosts" value="local|*.local|169.254/16|*.169.254/16"/>
    <property name="java.class.version" value="65.0"/>
  </properties>
  <testcase name="runScenario[&quot;Получение текущей погоды для различных городов&quot;, &quot;Optional[Тестирование Weather API]&quot;](1)" classname="com.weatherapi.runner.TestRunner" time="1.669">
    <system-out><![CDATA[00:43:57.615 [main] WARN  org.testng.xml.TestNGContentHandler - It is strongly recommended to add "<!DOCTYPE suite SYSTEM "https://testng.org/testng-1.0.dtd" >" at the top of the suite file [/Users/romancakunov/cursorProjects/weather_api/src/test/resources/testng.xml] otherwise TestNG may fail or not work as expected.

@positive @current_weather
Сценарий: Получение текущей погоды для различных городов  &amp#27;[90m# src/test/resources/features/weather_api.feature:13&amp#27;[0m
00:43:58.421 [main] INFO  com.weatherapi.hooks.WireMockHooks - Запуск WireMock сервера на порту 8080
00:43:58.639 [main] INFO  wiremock.org.eclipse.jetty.util.log - Logging initialized @1502ms
00:43:58.694 [main] INFO  w.org.eclipse.jetty.server.Server - jetty-9.2.z-SNAPSHOT
00:43:58.704 [main] INFO  w.o.e.j.s.handler.ContextHandler - Started w.o.e.j.s.ServletContextHandler@48c3a0ef{/__admin,null,AVAILABLE}
00:43:58.704 [main] INFO  w.o.e.j.s.handler.ContextHandler - Started w.o.e.j.s.ServletContextHandler@5e3405a1{/,null,AVAILABLE}
00:43:58.719 [main] INFO  w.o.e.j.s.NetworkTrafficServerConnector - Started NetworkTrafficServerConnector@13f182b9{HTTP/1.1}{0.0.0.0:8080}
00:43:58.719 [main] INFO  w.org.eclipse.jetty.server.Server - Started @1582ms
00:43:58.719 [main] INFO  com.weatherapi.hooks.WireMockHooks - Настройка программных mappings...
00:43:58.744 [main] INFO  com.weatherapi.hooks.WireMockHooks - Программные mappings настроены успешно
00:43:58.744 [main] INFO  com.weatherapi.hooks.WireMockHooks - WireMock сервер запущен успешно с программными mappings
00:43:59.032 [main] INFO  com.weatherapi.steps.WeatherApiSteps - Инициализирован клиент WeatherAPI с базовым URL: http://localhost:8080
  &amp#27;[32mДано &amp#27;[0m&amp#27;[32mсервис WeatherAPI запущен на порту &amp#27;[0m&amp#27;[32m&amp#27;[1m8080&amp#27;[0m            &amp#27;[90m# com.weatherapi.steps.WeatherApiSteps.сервисWeatherAPIЗапущенНаПорту(int)&amp#27;[0m
00:43:59.032 [main] INFO  com.weatherapi.steps.WeatherApiSteps - Установлен API ключ для тестирования
  &amp#27;[32mИ &amp#27;[0m&amp#27;[32mу меня есть валидный API ключ &amp#27;[0m&amp#27;[32m&amp#27;[1m"test_api_key_123"&amp#27;[0m      &amp#27;[90m# com.weatherapi.steps.WeatherApiSteps.уМеняЕстьВалидныйAPIКлюч(java.lang.String)&amp#27;[0m
00:43:59.032 [main] INFO  com.weatherapi.steps.WeatherApiSteps - Запрос текущей погоды для города: London
00:43:59.032 [main] INFO  c.weatherapi.client.WeatherApiClient - Запрос текущей погоды для города: London
00:43:59.388 [qtp1015503057-38] INFO  / - RequestHandlerClass from context returned com.github.tomakehurst.wiremock.http.StubRequestHandler. Normalized mapped under returned 'null'
00:43:59.563 [main] INFO  c.weatherapi.client.WeatherApiClient - Получен ответ: статус 200, время ответа 348 ms
  &amp#27;[32mКогда &amp#27;[0m&amp#27;[32mя запрашиваю текущую погоду для города &amp#27;[0m&amp#27;[32m&amp#27;[1m"London"&amp#27;[0m   &amp#27;[90m# com.weatherapi.steps.WeatherApiSteps.яЗапрашиваюТекущуюПогодуДляГорода(java.lang.String)&amp#27;[0m
00:43:59.749 [main] INFO  com.weatherapi.steps.WeatherApiSteps - Ожидаемый статус: 200, Фактический статус: 200
  &amp#27;[32mТогда &amp#27;[0m&amp#27;[32mстатус ответа должен быть &amp#27;[0m&amp#27;[32m&amp#27;[1m200&amp#27;[0m                     &amp#27;[90m# com.weatherapi.steps.WeatherApiSteps.статусОтветаДолженБыть(int)&amp#27;[0m
00:43:59.752 [main] INFO  com.weatherapi.steps.WeatherApiSteps - Ответ содержит информацию о местоположении: Location{name='London', region='City of London, Greater London', country='United Kingdom', latitude=51.52, longitude=-0.11, timezoneId='Europe/London', localtime='2025-01-01 12:00'}
  &amp#27;[32mИ &amp#27;[0m&amp#27;[32mответ содержит информацию о местоположении&amp#27;[0m            &amp#27;[90m# com.weatherapi.steps.WeatherApiSteps.ответСодержитИнформациюОМестоположении()&amp#27;[0m
00:43:59.754 [main] INFO  com.weatherapi.steps.WeatherApiSteps - Ожидаемый город: London, Фактический город: London
  &amp#27;[32mИ &amp#27;[0m&amp#27;[32mназвание города в ответе равно &amp#27;[0m&amp#27;[32m&amp#27;[1m"London"&amp#27;[0m               &amp#27;[90m# com.weatherapi.steps.WeatherApiSteps.названиеГородаВОтветеРавно(java.lang.String)&amp#27;[0m
00:43:59.754 [main] INFO  com.weatherapi.steps.WeatherApiSteps - Ожидаемая страна: United Kingdom, Фактическая страна: United Kingdom
  &amp#27;[32mИ &amp#27;[0m&amp#27;[32mстрана в ответе равна &amp#27;[0m&amp#27;[32m&amp#27;[1m"United Kingdom"&amp#27;[0m                &amp#27;[90m# com.weatherapi.steps.WeatherApiSteps.странаВОтветеРавна(java.lang.String)&amp#27;[0m
00:43:59.754 [main] INFO  com.weatherapi.steps.WeatherApiSteps - Ответ содержит данные о текущей погоде: Current{temperatureCelsius=8.5, temperatureFahrenheit=47.3, condition=Condition{text='Partly cloudy', icon='//cdn.weatherapi.com/weather/64x64/day/116.png', code=1003}, windMph=15.2, humidity=72, cloudCover=75, lastUpdated='2025-01-01 12:00'}
  &amp#27;[32mИ &amp#27;[0m&amp#27;[32mответ содержит данные о текущей погоде&amp#27;[0m                &amp#27;[90m# com.weatherapi.steps.WeatherApiSteps.ответСодержитДанныеОТекущейПогоде()&amp#27;[0m
00:43:59.754 [main] INFO  com.weatherapi.steps.WeatherApiSteps - Температура в Цельсиях: 8.5°C
  &amp#27;[32mИ &amp#27;[0m&amp#27;[32mтемпература в Цельсиях присутствует в ответе&amp#27;[0m          &amp#27;[90m# com.weatherapi.steps.WeatherApiSteps.температураВЦельсияхПрисутствуетВОтвете()&amp#27;[0m
00:43:59.755 [main] INFO  com.weatherapi.steps.WeatherApiSteps - Влажность: 72%
  &amp#27;[32mИ &amp#27;[0m&amp#27;[32mвлажность присутствует в ответе&amp#27;[0m                       &amp#27;[90m# com.weatherapi.steps.WeatherApiSteps.влажностьПрисутствуетВОтвете()&amp#27;[0m
00:43:59.755 [main] INFO  com.weatherapi.steps.WeatherApiSteps - Скорость ветра: 24.5 км/ч, Направление: SW
  &amp#27;[32mИ &amp#27;[0m&amp#27;[32mинформация о ветре присутствует в ответе&amp#27;[0m              &amp#27;[90m# com.weatherapi.steps.WeatherApiSteps.информацияОВетреПрисутствуетВОтвете()&amp#27;[0m
00:43:59.755 [main] INFO  com.weatherapi.steps.WeatherApiSteps - === РЕЗУЛЬТАТ СРАВНЕНИЯ УСПЕШНОГО ОТВЕТА ===
00:43:59.755 [main] INFO  com.weatherapi.steps.WeatherApiSteps - Статус ответа: 200
00:43:59.755 [main] INFO  com.weatherapi.steps.WeatherApiSteps - Время ответа: 348 мс
00:43:59.755 [main] INFO  com.weatherapi.steps.WeatherApiSteps - Город: London (United Kingdom)
00:43:59.755 [main] INFO  com.weatherapi.steps.WeatherApiSteps - Температура: 8.5°C / 47.3°F
00:43:59.755 [main] INFO  com.weatherapi.steps.WeatherApiSteps - Влажность: 72%
00:43:59.756 [main] INFO  com.weatherapi.steps.WeatherApiSteps - Ветер: 24.5 км/ч, направление SW
00:43:59.756 [main] INFO  com.weatherapi.steps.WeatherApiSteps - Описание погоды: Partly cloudy
00:43:59.756 [main] INFO  com.weatherapi.steps.WeatherApiSteps - =======================================
  &amp#27;[32mИ &amp#27;[0m&amp#27;[32mя логирую результат сравнения&amp#27;[0m                         &amp#27;[90m# com.weatherapi.steps.WeatherApiSteps.яЛогируюРезультатСравнения()&amp#27;[0m
00:43:59.756 [main] INFO  com.weatherapi.steps.WeatherApiSteps - Запрос текущей погоды для города: Paris
00:43:59.756 [main] INFO  c.weatherapi.client.WeatherApiClient - Запрос текущей погоды для города: Paris
00:43:59.763 [main] INFO  c.weatherapi.client.WeatherApiClient - Получен ответ: статус 200, время ответа 5 ms
  &amp#27;[32mКогда &amp#27;[0m&amp#27;[32mя запрашиваю текущую погоду для города &amp#27;[0m&amp#27;[32m&amp#27;[1m"Paris"&amp#27;[0m    &amp#27;[90m# com.weatherapi.steps.WeatherApiSteps.яЗапрашиваюТекущуюПогодуДляГорода(java.lang.String)&amp#27;[0m
00:43:59.767 [main] INFO  com.weatherapi.steps.WeatherApiSteps - Ожидаемый статус: 200, Фактический статус: 200
  &amp#27;[32mТогда &amp#27;[0m&amp#27;[32mстатус ответа должен быть &amp#27;[0m&amp#27;[32m&amp#27;[1m200&amp#27;[0m                     &amp#27;[90m# com.weatherapi.steps.WeatherApiSteps.статусОтветаДолженБыть(int)&amp#27;[0m
00:43:59.767 [main] INFO  com.weatherapi.steps.WeatherApiSteps - Ответ содержит информацию о местоположении: Location{name='Paris', region='Ile-de-France', country='France', latitude=48.87, longitude=2.33, timezoneId='Europe/Paris', localtime='2025-01-01 13:00'}
  &amp#27;[32mИ &amp#27;[0m&amp#27;[32mответ содержит информацию о местоположении&amp#27;[0m            &amp#27;[90m# com.weatherapi.steps.WeatherApiSteps.ответСодержитИнформациюОМестоположении()&amp#27;[0m
00:43:59.767 [main] INFO  com.weatherapi.steps.WeatherApiSteps - Ожидаемый город: Paris, Фактический город: Paris
  &amp#27;[32mИ &amp#27;[0m&amp#27;[32mназвание города в ответе равно &amp#27;[0m&amp#27;[32m&amp#27;[1m"Paris"&amp#27;[0m                &amp#27;[90m# com.weatherapi.steps.WeatherApiSteps.названиеГородаВОтветеРавно(java.lang.String)&amp#27;[0m
00:43:59.767 [main] INFO  com.weatherapi.steps.WeatherApiSteps - Ожидаемая страна: France, Фактическая страна: France
  &amp#27;[32mИ &amp#27;[0m&amp#27;[32mстрана в ответе равна &amp#27;[0m&amp#27;[32m&amp#27;[1m"France"&amp#27;[0m                        &amp#27;[90m# com.weatherapi.steps.WeatherApiSteps.странаВОтветеРавна(java.lang.String)&amp#27;[0m
00:43:59.768 [main] INFO  com.weatherapi.steps.WeatherApiSteps - Ответ содержит данные о текущей погоде: Current{temperatureCelsius=12.3, temperatureFahrenheit=54.1, condition=Condition{text='Sunny', icon='//cdn.weatherapi.com/weather/64x64/day/113.png', code=1000}, windMph=8.1, humidity=65, cloudCover=25, lastUpdated='2025-01-01 13:00'}
  &amp#27;[32mИ &amp#27;[0m&amp#27;[32mответ содержит данные о текущей погоде&amp#27;[0m                &amp#27;[90m# com.weatherapi.steps.WeatherApiSteps.ответСодержитДанныеОТекущейПогоде()&amp#27;[0m
00:43:59.768 [main] INFO  com.weatherapi.steps.WeatherApiSteps - Температура в Цельсиях: 12.3°C
  &amp#27;[32mИ &amp#27;[0m&amp#27;[32mтемпература в Цельсиях присутствует в ответе&amp#27;[0m          &amp#27;[90m# com.weatherapi.steps.WeatherApiSteps.температураВЦельсияхПрисутствуетВОтвете()&amp#27;[0m
00:43:59.768 [main] INFO  com.weatherapi.steps.WeatherApiSteps - Влажность: 65%
  &amp#27;[32mИ &amp#27;[0m&amp#27;[32mвлажность присутствует в ответе&amp#27;[0m                       &amp#27;[90m# com.weatherapi.steps.WeatherApiSteps.влажностьПрисутствуетВОтвете()&amp#27;[0m
00:43:59.768 [main] INFO  com.weatherapi.steps.WeatherApiSteps - Скорость ветра: 13.0 км/ч, Направление: S
  &amp#27;[32mИ &amp#27;[0m&amp#27;[32mинформация о ветре присутствует в ответе&amp#27;[0m              &amp#27;[90m# com.weatherapi.steps.WeatherApiSteps.информацияОВетреПрисутствуетВОтвете()&amp#27;[0m
00:43:59.769 [main] INFO  com.weatherapi.steps.WeatherApiSteps - === РЕЗУЛЬТАТ СРАВНЕНИЯ УСПЕШНОГО ОТВЕТА ===
00:43:59.769 [main] INFO  com.weatherapi.steps.WeatherApiSteps - Статус ответа: 200
00:43:59.769 [main] INFO  com.weatherapi.steps.WeatherApiSteps - Время ответа: 5 мс
00:43:59.769 [main] INFO  com.weatherapi.steps.WeatherApiSteps - Город: Paris (France)
00:43:59.769 [main] INFO  com.weatherapi.steps.WeatherApiSteps - Температура: 12.3°C / 54.1°F
00:43:59.769 [main] INFO  com.weatherapi.steps.WeatherApiSteps - Влажность: 65%
00:43:59.769 [main] INFO  com.weatherapi.steps.WeatherApiSteps - Ветер: 13.0 км/ч, направление S
00:43:59.769 [main] INFO  com.weatherapi.steps.WeatherApiSteps - Описание погоды: Sunny
00:43:59.769 [main] INFO  com.weatherapi.steps.WeatherApiSteps - =======================================
  &amp#27;[32mИ &amp#27;[0m&amp#27;[32mя логирую результат сравнения&amp#27;[0m                         &amp#27;[90m# com.weatherapi.steps.WeatherApiSteps.яЛогируюРезультатСравнения()&amp#27;[0m
00:43:59.770 [main] INFO  com.weatherapi.steps.WeatherApiSteps - Запрос текущей погоды для города: Tokyo
00:43:59.770 [main] INFO  c.weatherapi.client.WeatherApiClient - Запрос текущей погоды для города: Tokyo
00:43:59.777 [main] INFO  c.weatherapi.client.WeatherApiClient - Получен ответ: статус 200, время ответа 6 ms
  &amp#27;[32mКогда &amp#27;[0m&amp#27;[32mя запрашиваю текущую погоду для города &amp#27;[0m&amp#27;[32m&amp#27;[1m"Tokyo"&amp#27;[0m    &amp#27;[90m# com.weatherapi.steps.WeatherApiSteps.яЗапрашиваюТекущуюПогодуДляГорода(java.lang.String)&amp#27;[0m
00:43:59.779 [main] INFO  com.weatherapi.steps.WeatherApiSteps - Ожидаемый статус: 200, Фактический статус: 200
  &amp#27;[32mТогда &amp#27;[0m&amp#27;[32mстатус ответа должен быть &amp#27;[0m&amp#27;[32m&amp#27;[1m200&amp#27;[0m                     &amp#27;[90m# com.weatherapi.steps.WeatherApiSteps.статусОтветаДолженБыть(int)&amp#27;[0m
00:43:59.779 [main] INFO  com.weatherapi.steps.WeatherApiSteps - Ответ содержит информацию о местоположении: Location{name='Tokyo', region='Tokyo', country='Japan', latitude=35.69, longitude=139.69, timezoneId='Asia/Tokyo', localtime='2025-01-01 21:00'}
  &amp#27;[32mИ &amp#27;[0m&amp#27;[32mответ содержит информацию о местоположении&amp#27;[0m            &amp#27;[90m# com.weatherapi.steps.WeatherApiSteps.ответСодержитИнформациюОМестоположении()&amp#27;[0m
00:43:59.780 [main] INFO  com.weatherapi.steps.WeatherApiSteps - Ожидаемый город: Tokyo, Фактический город: Tokyo
  &amp#27;[32mИ &amp#27;[0m&amp#27;[32mназвание города в ответе равно &amp#27;[0m&amp#27;[32m&amp#27;[1m"Tokyo"&amp#27;[0m                &amp#27;[90m# com.weatherapi.steps.WeatherApiSteps.названиеГородаВОтветеРавно(java.lang.String)&amp#27;[0m
00:43:59.780 [main] INFO  com.weatherapi.steps.WeatherApiSteps - Ожидаемая страна: Japan, Фактическая страна: Japan
  &amp#27;[32mИ &amp#27;[0m&amp#27;[32mстрана в ответе равна &amp#27;[0m&amp#27;[32m&amp#27;[1m"Japan"&amp#27;[0m                         &amp#27;[90m# com.weatherapi.steps.WeatherApiSteps.странаВОтветеРавна(java.lang.String)&amp#27;[0m
00:43:59.780 [main] INFO  com.weatherapi.steps.WeatherApiSteps - Ответ содержит данные о текущей погоде: Current{temperatureCelsius=3.2, temperatureFahrenheit=37.8, condition=Condition{text='Clear', icon='//cdn.weatherapi.com/weather/64x64/night/113.png', code=1000}, windMph=5.4, humidity=58, cloudCover=10, lastUpdated='2025-01-01 21:00'}
  &amp#27;[32mИ &amp#27;[0m&amp#27;[32mответ содержит данные о текущей погоде&amp#27;[0m                &amp#27;[90m# com.weatherapi.steps.WeatherApiSteps.ответСодержитДанныеОТекущейПогоде()&amp#27;[0m
00:43:59.780 [main] INFO  com.weatherapi.steps.WeatherApiSteps - Температура в Цельсиях: 3.2°C
  &amp#27;[32mИ &amp#27;[0m&amp#27;[32mтемпература в Цельсиях присутствует в ответе&amp#27;[0m          &amp#27;[90m# com.weatherapi.steps.WeatherApiSteps.температураВЦельсияхПрисутствуетВОтвете()&amp#27;[0m
00:43:59.781 [main] INFO  com.weatherapi.steps.WeatherApiSteps - Влажность: 58%
  &amp#27;[32mИ &amp#27;[0m&amp#27;[32mвлажность присутствует в ответе&amp#27;[0m                       &amp#27;[90m# com.weatherapi.steps.WeatherApiSteps.влажностьПрисутствуетВОтвете()&amp#27;[0m
00:43:59.781 [main] INFO  com.weatherapi.steps.WeatherApiSteps - Скорость ветра: 8.6 км/ч, Направление: W
  &amp#27;[32mИ &amp#27;[0m&amp#27;[32mинформация о ветре присутствует в ответе&amp#27;[0m              &amp#27;[90m# com.weatherapi.steps.WeatherApiSteps.информацияОВетреПрисутствуетВОтвете()&amp#27;[0m
00:43:59.781 [main] INFO  com.weatherapi.steps.WeatherApiSteps - === РЕЗУЛЬТАТ СРАВНЕНИЯ УСПЕШНОГО ОТВЕТА ===
00:43:59.781 [main] INFO  com.weatherapi.steps.WeatherApiSteps - Статус ответа: 200
00:43:59.781 [main] INFO  com.weatherapi.steps.WeatherApiSteps - Время ответа: 6 мс
00:43:59.781 [main] INFO  com.weatherapi.steps.WeatherApiSteps - Город: Tokyo (Japan)
00:43:59.781 [main] INFO  com.weatherapi.steps.WeatherApiSteps - Температура: 3.2°C / 37.8°F
00:43:59.781 [main] INFO  com.weatherapi.steps.WeatherApiSteps - Влажность: 58%
00:43:59.781 [main] INFO  com.weatherapi.steps.WeatherApiSteps - Ветер: 8.6 км/ч, направление W
00:43:59.781 [main] INFO  com.weatherapi.steps.WeatherApiSteps - Описание погоды: Clear
00:43:59.781 [main] INFO  com.weatherapi.steps.WeatherApiSteps - =======================================
  &amp#27;[32mИ &amp#27;[0m&amp#27;[32mя логирую результат сравнения&amp#27;[0m                         &amp#27;[90m# com.weatherapi.steps.WeatherApiSteps.яЛогируюРезультатСравнения()&amp#27;[0m
00:43:59.782 [main] INFO  com.weatherapi.steps.WeatherApiSteps - Запрос текущей погоды для города: New York
00:43:59.782 [main] INFO  c.weatherapi.client.WeatherApiClient - Запрос текущей погоды для города: New York
00:43:59.787 [main] INFO  c.weatherapi.client.WeatherApiClient - Получен ответ: статус 200, время ответа 4 ms
  &amp#27;[32mКогда &amp#27;[0m&amp#27;[32mя запрашиваю текущую погоду для города &amp#27;[0m&amp#27;[32m&amp#27;[1m"New York"&amp#27;[0m &amp#27;[90m# com.weatherapi.steps.WeatherApiSteps.яЗапрашиваюТекущуюПогодуДляГорода(java.lang.String)&amp#27;[0m
00:43:59.789 [main] INFO  com.weatherapi.steps.WeatherApiSteps - Ожидаемый статус: 200, Фактический статус: 200
  &amp#27;[32mТогда &amp#27;[0m&amp#27;[32mстатус ответа должен быть &amp#27;[0m&amp#27;[32m&amp#27;[1m200&amp#27;[0m                     &amp#27;[90m# com.weatherapi.steps.WeatherApiSteps.статусОтветаДолженБыть(int)&amp#27;[0m
00:43:59.789 [main] INFO  com.weatherapi.steps.WeatherApiSteps - Ответ содержит информацию о местоположении: Location{name='New York', region='New York', country='United States of America', latitude=40.71, longitude=-74.01, timezoneId='America/New_York', localtime='2025-01-01 07:00'}
  &amp#27;[32mИ &amp#27;[0m&amp#27;[32mответ содержит информацию о местоположении&amp#27;[0m            &amp#27;[90m# com.weatherapi.steps.WeatherApiSteps.ответСодержитИнформациюОМестоположении()&amp#27;[0m
00:43:59.790 [main] INFO  com.weatherapi.steps.WeatherApiSteps - Ожидаемый город: New York, Фактический город: New York
  &amp#27;[32mИ &amp#27;[0m&amp#27;[32mназвание города в ответе равно &amp#27;[0m&amp#27;[32m&amp#27;[1m"New York"&amp#27;[0m             &amp#27;[90m# com.weatherapi.steps.WeatherApiSteps.названиеГородаВОтветеРавно(java.lang.String)&amp#27;[0m
00:43:59.790 [main] INFO  com.weatherapi.steps.WeatherApiSteps - Ожидаемая страна: United States of America, Фактическая страна: United States of America
  &amp#27;[32mИ &amp#27;[0m&amp#27;[32mстрана в ответе равна &amp#27;[0m&amp#27;[32m&amp#27;[1m"United States of America"&amp#27;[0m      &amp#27;[90m# com.weatherapi.steps.WeatherApiSteps.странаВОтветеРавна(java.lang.String)&amp#27;[0m
00:43:59.790 [main] INFO  com.weatherapi.steps.WeatherApiSteps - Ответ содержит данные о текущей погоде: Current{temperatureCelsius=-2.1, temperatureFahrenheit=28.2, condition=Condition{text='Light snow', icon='//cdn.weatherapi.com/weather/64x64/day/326.png', code=1213}, windMph=18.3, humidity=78, cloudCover=90, lastUpdated='2025-01-01 07:00'}
  &amp#27;[32mИ &amp#27;[0m&amp#27;[32mответ содержит данные о текущей погоде&amp#27;[0m                &amp#27;[90m# com.weatherapi.steps.WeatherApiSteps.ответСодержитДанныеОТекущейПогоде()&amp#27;[0m
00:43:59.790 [main] INFO  com.weatherapi.steps.WeatherApiSteps - Температура в Цельсиях: -2.1°C
  &amp#27;[32mИ &amp#27;[0m&amp#27;[32mтемпература в Цельсиях присутствует в ответе&amp#27;[0m          &amp#27;[90m# com.weatherapi.steps.WeatherApiSteps.температураВЦельсияхПрисутствуетВОтвете()&amp#27;[0m
00:43:59.790 [main] INFO  com.weatherapi.steps.WeatherApiSteps - Влажность: 78%
  &amp#27;[32mИ &amp#27;[0m&amp#27;[32mвлажность присутствует в ответе&amp#27;[0m                       &amp#27;[90m# com.weatherapi.steps.WeatherApiSteps.влажностьПрисутствуетВОтвете()&amp#27;[0m
00:43:59.790 [main] INFO  com.weatherapi.steps.WeatherApiSteps - Скорость ветра: 29.5 км/ч, Направление: NW
  &amp#27;[32mИ &amp#27;[0m&amp#27;[32mинформация о ветре присутствует в ответе&amp#27;[0m              &amp#27;[90m# com.weatherapi.steps.WeatherApiSteps.информацияОВетреПрисутствуетВОтвете()&amp#27;[0m
00:43:59.790 [main] INFO  com.weatherapi.steps.WeatherApiSteps - === РЕЗУЛЬТАТ СРАВНЕНИЯ УСПЕШНОГО ОТВЕТА ===
00:43:59.791 [main] INFO  com.weatherapi.steps.WeatherApiSteps - Статус ответа: 200
00:43:59.791 [main] INFO  com.weatherapi.steps.WeatherApiSteps - Время ответа: 4 мс
00:43:59.791 [main] INFO  com.weatherapi.steps.WeatherApiSteps - Город: New York (United States of America)
00:43:59.791 [main] INFO  com.weatherapi.steps.WeatherApiSteps - Температура: -2.1°C / 28.2°F
00:43:59.791 [main] INFO  com.weatherapi.steps.WeatherApiSteps - Влажность: 78%
00:43:59.791 [main] INFO  com.weatherapi.steps.WeatherApiSteps - Ветер: 29.5 км/ч, направление NW
00:43:59.791 [main] INFO  com.weatherapi.steps.WeatherApiSteps - Описание погоды: Light snow
00:43:59.791 [main] INFO  com.weatherapi.steps.WeatherApiSteps - =======================================
  &amp#27;[32mИ &amp#27;[0m&amp#27;[32mя логирую результат сравнения&amp#27;[0m                         &amp#27;[90m# com.weatherapi.steps.WeatherApiSteps.яЛогируюРезультатСравнения()&amp#27;[0m
00:43:59.791 [main] INFO  com.weatherapi.hooks.WireMockHooks - Остановка WireMock сервера
00:43:59.794 [main] INFO  w.o.e.j.s.NetworkTrafficServerConnector - Stopped NetworkTrafficServerConnector@13f182b9{HTTP/1.1}{0.0.0.0:8080}
00:43:59.795 [main] INFO  w.o.e.j.s.handler.ContextHandler - Stopped w.o.e.j.s.ServletContextHandler@5e3405a1{/,null,UNAVAILABLE}
00:43:59.795 [main] INFO  w.o.e.j.s.handler.ContextHandler - Stopped w.o.e.j.s.ServletContextHandler@48c3a0ef{/__admin,null,UNAVAILABLE}
00:43:59.795 [main] INFO  com.weatherapi.hooks.WireMockHooks - WireMock сервер остановлен
]]></system-out>
  </testcase>
  <testcase name="runScenario[&quot;Получение различных ошибок API&quot;, &quot;Optional[Тестирование Weather API]&quot;](2)" classname="com.weatherapi.runner.TestRunner" time="0.033">
    <system-out><![CDATA[
@negative @api_errors
Сценарий: Получение различных ошибок API                                                            &amp#27;[90m# src/test/resources/features/weather_api.feature:59&amp#27;[0m
00:43:59.837 [main] INFO  com.weatherapi.hooks.WireMockHooks - Запуск WireMock сервера на порту 8080
00:43:59.840 [main] INFO  w.org.eclipse.jetty.server.Server - jetty-9.2.z-SNAPSHOT
00:43:59.841 [main] INFO  w.o.e.j.s.handler.ContextHandler - Started w.o.e.j.s.ServletContextHandler@57bd0b3c{/__admin,null,AVAILABLE}
00:43:59.841 [main] INFO  w.o.e.j.s.handler.ContextHandler - Started w.o.e.j.s.ServletContextHandler@31eb5ed6{/,null,AVAILABLE}
00:43:59.841 [main] INFO  w.o.e.j.s.NetworkTrafficServerConnector - Started NetworkTrafficServerConnector@39df2652{HTTP/1.1}{0.0.0.0:8080}
00:43:59.841 [main] INFO  w.org.eclipse.jetty.server.Server - Started @2704ms
00:43:59.842 [main] INFO  com.weatherapi.hooks.WireMockHooks - Настройка программных mappings...
00:43:59.845 [main] INFO  com.weatherapi.hooks.WireMockHooks - Программные mappings настроены успешно
00:43:59.845 [main] INFO  com.weatherapi.hooks.WireMockHooks - WireMock сервер запущен успешно с программными mappings
00:43:59.846 [main] INFO  com.weatherapi.steps.WeatherApiSteps - Инициализирован клиент WeatherAPI с базовым URL: http://localhost:8080
  &amp#27;[32mДано &amp#27;[0m&amp#27;[32mсервис WeatherAPI запущен на порту &amp#27;[0m&amp#27;[32m&amp#27;[1m8080&amp#27;[0m                                                      &amp#27;[90m# com.weatherapi.steps.WeatherApiSteps.сервисWeatherAPIЗапущенНаПорту(int)&amp#27;[0m
00:43:59.846 [main] INFO  com.weatherapi.steps.WeatherApiSteps - Установлен API ключ для тестирования
  &amp#27;[32mИ &amp#27;[0m&amp#27;[32mу меня есть валидный API ключ &amp#27;[0m&amp#27;[32m&amp#27;[1m"test_api_key_123"&amp#27;[0m                                                &amp#27;[90m# com.weatherapi.steps.WeatherApiSteps.уМеняЕстьВалидныйAPIКлюч(java.lang.String)&amp#27;[0m
00:43:59.846 [main] INFO  com.weatherapi.steps.WeatherApiSteps - Запрос текущей погоды без API ключа для города: London
00:43:59.846 [main] INFO  c.weatherapi.client.WeatherApiClient - Запрос текущей погоды без API ключа для города: London
00:43:59.851 [qtp1777344331-48] INFO  / - RequestHandlerClass from context returned com.github.tomakehurst.wiremock.http.StubRequestHandler. Normalized mapped under returned 'null'
00:43:59.856 [main] INFO  c.weatherapi.client.WeatherApiClient - Получен ответ: статус 401, время ответа 8 ms
  &amp#27;[32mКогда &amp#27;[0m&amp#27;[32mя запрашиваю текущую погоду без API ключа для города &amp#27;[0m&amp#27;[32m&amp#27;[1m"London"&amp#27;[0m                               &amp#27;[90m# com.weatherapi.steps.WeatherApiSteps.яЗапрашиваюТекущуюПогодуБезAPIКлючаДляГорода(java.lang.String)&amp#27;[0m
00:43:59.860 [main] INFO  com.weatherapi.steps.WeatherApiSteps - Ожидаемый статус: 401, Фактический статус: 401
  &amp#27;[32mТогда &amp#27;[0m&amp#27;[32mстатус ответа должен быть &amp#27;[0m&amp#27;[32m&amp#27;[1m401&amp#27;[0m                                                               &amp#27;[90m# com.weatherapi.steps.WeatherApiSteps.статусОтветаДолженБыть(int)&amp#27;[0m
00:43:59.860 [main] INFO  com.weatherapi.steps.WeatherApiSteps - Ожидаемый код ошибки: 1002, Фактический код ошибки: 1002
  &amp#27;[32mИ &amp#27;[0m&amp#27;[32mответ содержит ошибку с кодом &amp#27;[0m&amp#27;[32m&amp#27;[1m1002&amp#27;[0m                                                              &amp#27;[90m# com.weatherapi.steps.WeatherApiSteps.ответСодержитОшибкуСКодом(int)&amp#27;[0m
00:43:59.860 [main] INFO  com.weatherapi.steps.WeatherApiSteps - Ожидаемое сообщение: API key not provided., Фактическое сообщение: API key not provided.
  &amp#27;[32mИ &amp#27;[0m&amp#27;[32mсообщение об ошибке равно &amp#27;[0m&amp#27;[32m&amp#27;[1m"API key not provided."&amp#27;[0m                                               &amp#27;[90m# com.weatherapi.steps.WeatherApiSteps.сообщениеОбОшибкеРавно(java.lang.String)&amp#27;[0m
00:43:59.860 [main] INFO  com.weatherapi.steps.WeatherApiSteps - === РЕЗУЛЬТАТ СРАВНЕНИЯ ОШИБКИ ===
00:43:59.860 [main] INFO  com.weatherapi.steps.WeatherApiSteps - Статус ответа: 401
00:43:59.860 [main] INFO  com.weatherapi.steps.WeatherApiSteps - Время ответа: 8 мс
00:43:59.860 [main] INFO  com.weatherapi.steps.WeatherApiSteps - Код ошибки: 1002
00:43:59.861 [main] INFO  com.weatherapi.steps.WeatherApiSteps - Сообщение об ошибке: API key not provided.
00:43:59.861 [main] INFO  com.weatherapi.steps.WeatherApiSteps - ================================
  &amp#27;[32mИ &amp#27;[0m&amp#27;[32mя логирую результат сравнения ошибки&amp#27;[0m                                                            &amp#27;[90m# com.weatherapi.steps.WeatherApiSteps.яЛогируюРезультатСравненияОшибки()&amp#27;[0m
00:43:59.861 [main] INFO  com.weatherapi.steps.WeatherApiSteps - Запрос текущей погоды без параметра города
00:43:59.861 [main] INFO  c.weatherapi.client.WeatherApiClient - Запрос текущей погоды без параметра города
00:43:59.870 [main] INFO  c.weatherapi.client.WeatherApiClient - Получен ответ: статус 400, время ответа 8 ms
  &amp#27;[32mКогда &amp#27;[0m&amp#27;[32mя запрашиваю текущую погоду без параметра города&amp#27;[0m                                            &amp#27;[90m# com.weatherapi.steps.WeatherApiSteps.яЗапрашиваюТекущуюПогодуБезПараметраГорода()&amp#27;[0m
00:43:59.872 [main] INFO  com.weatherapi.steps.WeatherApiSteps - Ожидаемый статус: 400, Фактический статус: 400
  &amp#27;[32mТогда &amp#27;[0m&amp#27;[32mстатус ответа должен быть &amp#27;[0m&amp#27;[32m&amp#27;[1m400&amp#27;[0m                                                               &amp#27;[90m# com.weatherapi.steps.WeatherApiSteps.статусОтветаДолженБыть(int)&amp#27;[0m
00:43:59.872 [main] INFO  com.weatherapi.steps.WeatherApiSteps - Ожидаемый код ошибки: 1003, Фактический код ошибки: 1003
  &amp#27;[32mИ &amp#27;[0m&amp#27;[32mответ содержит ошибку с кодом &amp#27;[0m&amp#27;[32m&amp#27;[1m1003&amp#27;[0m                                                              &amp#27;[90m# com.weatherapi.steps.WeatherApiSteps.ответСодержитОшибкуСКодом(int)&amp#27;[0m
00:43:59.872 [main] INFO  com.weatherapi.steps.WeatherApiSteps - Ожидаемое сообщение: Parameter 'q' not provided., Фактическое сообщение: Parameter 'q' not provided.
  &amp#27;[32mИ &amp#27;[0m&amp#27;[32mсообщение об ошибке равно &amp#27;[0m&amp#27;[32m&amp#27;[1m"Parameter 'q' not provided."&amp#27;[0m                                         &amp#27;[90m# com.weatherapi.steps.WeatherApiSteps.сообщениеОбОшибкеРавно(java.lang.String)&amp#27;[0m
00:43:59.872 [main] INFO  com.weatherapi.steps.WeatherApiSteps - === РЕЗУЛЬТАТ СРАВНЕНИЯ ОШИБКИ ===
00:43:59.872 [main] INFO  com.weatherapi.steps.WeatherApiSteps - Статус ответа: 400
00:43:59.872 [main] INFO  com.weatherapi.steps.WeatherApiSteps - Время ответа: 8 мс
00:43:59.872 [main] INFO  com.weatherapi.steps.WeatherApiSteps - Код ошибки: 1003
00:43:59.872 [main] INFO  com.weatherapi.steps.WeatherApiSteps - Сообщение об ошибке: Parameter 'q' not provided.
00:43:59.872 [main] INFO  com.weatherapi.steps.WeatherApiSteps - ================================
  &amp#27;[32mИ &amp#27;[0m&amp#27;[32mя логирую результат сравнения ошибки&amp#27;[0m                                                            &amp#27;[90m# com.weatherapi.steps.WeatherApiSteps.яЛогируюРезультатСравненияОшибки()&amp#27;[0m
00:43:59.873 [main] INFO  com.weatherapi.steps.WeatherApiSteps - Запрос текущей погоды с невалидным API ключом для города: London
00:43:59.873 [main] INFO  c.weatherapi.client.WeatherApiClient - Запрос текущей погоды с невалидным ключом для города: London
00:43:59.878 [main] INFO  c.weatherapi.client.WeatherApiClient - Получен ответ: статус 401, время ответа 4 ms
  &amp#27;[32mКогда &amp#27;[0m&amp#27;[32mя запрашиваю текущую погоду с невалидным API ключом &amp#27;[0m&amp#27;[32m&amp#27;[1m"invalid_key_12345"&amp#27;[0m&amp#27;[32m для города &amp#27;[0m&amp#27;[32m&amp#27;[1m"London"&amp#27;[0m &amp#27;[90m# com.weatherapi.steps.WeatherApiSteps.яЗапрашиваюТекущуюПогодуСНевалиднымAPIКлючомДляГорода(java.lang.String,java.lang.String)&amp#27;[0m
00:43:59.880 [main] INFO  com.weatherapi.steps.WeatherApiSteps - Ожидаемый статус: 401, Фактический статус: 401
  &amp#27;[32mТогда &amp#27;[0m&amp#27;[32mстатус ответа должен быть &amp#27;[0m&amp#27;[32m&amp#27;[1m401&amp#27;[0m                                                               &amp#27;[90m# com.weatherapi.steps.WeatherApiSteps.статусОтветаДолженБыть(int)&amp#27;[0m
00:43:59.880 [main] INFO  com.weatherapi.steps.WeatherApiSteps - Ожидаемый код ошибки: 2006, Фактический код ошибки: 2006
  &amp#27;[32mИ &amp#27;[0m&amp#27;[32mответ содержит ошибку с кодом &amp#27;[0m&amp#27;[32m&amp#27;[1m2006&amp#27;[0m                                                              &amp#27;[90m# com.weatherapi.steps.WeatherApiSteps.ответСодержитОшибкуСКодом(int)&amp#27;[0m
00:43:59.880 [main] INFO  com.weatherapi.steps.WeatherApiSteps - Ожидаемое сообщение: API key provided is invalid, Фактическое сообщение: API key provided is invalid
  &amp#27;[32mИ &amp#27;[0m&amp#27;[32mсообщение об ошибке равно &amp#27;[0m&amp#27;[32m&amp#27;[1m"API key provided is invalid"&amp#27;[0m                                         &amp#27;[90m# com.weatherapi.steps.WeatherApiSteps.сообщениеОбОшибкеРавно(java.lang.String)&amp#27;[0m
00:43:59.880 [main] INFO  com.weatherapi.steps.WeatherApiSteps - === РЕЗУЛЬТАТ СРАВНЕНИЯ ОШИБКИ ===
00:43:59.880 [main] INFO  com.weatherapi.steps.WeatherApiSteps - Статус ответа: 401
00:43:59.880 [main] INFO  com.weatherapi.steps.WeatherApiSteps - Время ответа: 4 мс
00:43:59.880 [main] INFO  com.weatherapi.steps.WeatherApiSteps - Код ошибки: 2006
00:43:59.880 [main] INFO  com.weatherapi.steps.WeatherApiSteps - Сообщение об ошибке: API key provided is invalid
00:43:59.880 [main] INFO  com.weatherapi.steps.WeatherApiSteps - ================================
  &amp#27;[32mИ &amp#27;[0m&amp#27;[32mя логирую результат сравнения ошибки&amp#27;[0m                                                            &amp#27;[90m# com.weatherapi.steps.WeatherApiSteps.яЛогируюРезультатСравненияОшибки()&amp#27;[0m
00:43:59.880 [main] INFO  com.weatherapi.steps.WeatherApiSteps - Запрос текущей погоды для несуществующего города: NonExistentCity123
00:43:59.880 [main] INFO  c.weatherapi.client.WeatherApiClient - Запрос текущей погоды для несуществующего города: NonExistentCity123
00:43:59.885 [main] INFO  c.weatherapi.client.WeatherApiClient - Получен ответ: статус 400, время ответа 4 ms
  &amp#27;[32mКогда &amp#27;[0m&amp#27;[32mя запрашиваю текущую погоду для несуществующего города &amp#27;[0m&amp#27;[32m&amp#27;[1m"NonExistentCity123"&amp#27;[0m                 &amp#27;[90m# com.weatherapi.steps.WeatherApiSteps.яЗапрашиваюТекущуюПогодуДляНесуществующегоГорода(java.lang.String)&amp#27;[0m
00:43:59.886 [main] INFO  com.weatherapi.steps.WeatherApiSteps - Ожидаемый статус: 400, Фактический статус: 400
  &amp#27;[32mТогда &amp#27;[0m&amp#27;[32mстатус ответа должен быть &amp#27;[0m&amp#27;[32m&amp#27;[1m400&amp#27;[0m                                                               &amp#27;[90m# com.weatherapi.steps.WeatherApiSteps.статусОтветаДолженБыть(int)&amp#27;[0m
00:43:59.887 [main] INFO  com.weatherapi.steps.WeatherApiSteps - Ожидаемый код ошибки: 1006, Фактический код ошибки: 1006
  &amp#27;[32mИ &amp#27;[0m&amp#27;[32mответ содержит ошибку с кодом &amp#27;[0m&amp#27;[32m&amp#27;[1m1006&amp#27;[0m                                                              &amp#27;[90m# com.weatherapi.steps.WeatherApiSteps.ответСодержитОшибкуСКодом(int)&amp#27;[0m
00:43:59.887 [main] INFO  com.weatherapi.steps.WeatherApiSteps - Ожидаемое сообщение: No location found matching parameter 'q', Фактическое сообщение: No location found matching parameter 'q'
  &amp#27;[32mИ &amp#27;[0m&amp#27;[32mсообщение об ошибке равно &amp#27;[0m&amp#27;[32m&amp#27;[1m"No location found matching parameter 'q'"&amp#27;[0m                            &amp#27;[90m# com.weatherapi.steps.WeatherApiSteps.сообщениеОбОшибкеРавно(java.lang.String)&amp#27;[0m
00:43:59.887 [main] INFO  com.weatherapi.steps.WeatherApiSteps - === РЕЗУЛЬТАТ СРАВНЕНИЯ ОШИБКИ ===
00:43:59.887 [main] INFO  com.weatherapi.steps.WeatherApiSteps - Статус ответа: 400
00:43:59.887 [main] INFO  com.weatherapi.steps.WeatherApiSteps - Время ответа: 4 мс
00:43:59.887 [main] INFO  com.weatherapi.steps.WeatherApiSteps - Код ошибки: 1006
00:43:59.887 [main] INFO  com.weatherapi.steps.WeatherApiSteps - Сообщение об ошибке: No location found matching parameter 'q'
00:43:59.887 [main] INFO  com.weatherapi.steps.WeatherApiSteps - ================================
  &amp#27;[32mИ &amp#27;[0m&amp#27;[32mя логирую результат сравнения ошибки&amp#27;[0m                                                            &amp#27;[90m# com.weatherapi.steps.WeatherApiSteps.яЛогируюРезультатСравненияОшибки()&amp#27;[0m
00:43:59.887 [main] INFO  com.weatherapi.hooks.WireMockHooks - Остановка WireMock сервера
00:43:59.888 [main] INFO  w.o.e.j.s.NetworkTrafficServerConnector - Stopped NetworkTrafficServerConnector@39df2652{HTTP/1.1}{0.0.0.0:8080}
00:43:59.889 [main] INFO  w.o.e.j.s.handler.ContextHandler - Stopped w.o.e.j.s.ServletContextHandler@31eb5ed6{/,null,UNAVAILABLE}
00:43:59.889 [main] INFO  w.o.e.j.s.handler.ContextHandler - Stopped w.o.e.j.s.ServletContextHandler@57bd0b3c{/__admin,null,UNAVAILABLE}
00:43:59.889 [main] INFO  com.weatherapi.hooks.WireMockHooks - WireMock сервер остановлен
]]></system-out>
  </testcase>
</testsuite>