<?xml version="1.0" encoding="UTF-8"?>
<!-- Generated by org.testng.reporters.JUnitReportReporter -->
<testsuite hostname="MacBook-Pro-Roman.local" failures="0" tests="2" name="com.weatherapi.runner.TestRunner" time="1.678" errors="0" timestamp="2025-08-01T00:43:59 MSK" skipped="0">
  <testcase classname="com.weatherapi.runner.TestRunner" name="runScenario" time="1.611"/>
  <testcase classname="com.weatherapi.runner.TestRunner" name="runScenario" time="0.067"/>
</testsuite> <!-- com.weatherapi.runner.TestRunner -->
